<?xml version="1.0" encoding="UTF-8"?>
<!-- Generated by org.testng.reporters.JUnitXMLReporter -->
<testsuite ignored="0" hostname="IN-BS8DMC2" failures="0" tests="4" name="Api Tests" time="26.668" errors="0" timestamp="2024-10-11T16:29:13 IST">
  <testcase classname="api.BookingAPI.BookingApiTest" name="createBooking" time="7.852"/>
  <testcase classname="api.BookingAPI.BookingApiTest" name="getAllBookingID" time="3.196"/>
  <testcase classname="api.BookingAPI.BookingApiTest" name="updateBooking" time="7.079"/>
  <testcase classname="api.BookingAPI.BookingApiTest" name="updatePartialBooking" time="7.178"/>
</testsuite> <!-- Api Tests -->
