<?xml version="1.0" encoding="UTF-8"?>
<!-- Generated by org.testng.reporters.JUnitXMLReporter -->
<testsuite ignored="0" hostname="IN-BS8DMC2" failures="0" tests="4" name="Api Tests" time="28.951" errors="0" timestamp="2024-06-19T19:25:56 IST">
  <testcase classname="api.BookingAPI.BookingApiTest" name="createBooking" time="9.103"/>
  <testcase classname="api.BookingAPI.BookingApiTest" name="getAllBookingID" time="3.234"/>
  <testcase classname="api.BookingAPI.BookingApiTest" name="updateBooking" time="7.566"/>
  <testcase classname="api.BookingAPI.BookingApiTest" name="updatePartialBooking" time="7.286"/>
</testsuite> <!-- Api Tests -->
