<?xml version="1.0" encoding="UTF-8"?>
<testng-results ignored="0" total="4" passed="4" failed="0" skipped="0">
  <reporter-output>
  </reporter-output>
  <suite started-at="2024-10-06T17:10:59 IST" name="Weather Api Suite" finished-at="2024-10-06T17:11:25 IST" duration-ms="26056">
    <groups>
    </groups>
    <test started-at="2024-10-06T17:10:59 IST" name="Api Tests" finished-at="2024-10-06T17:11:25 IST" duration-ms="26056">
      <class name="api.BookingAPI.BookingApiTest">
        <test-method is-config="true" signature="nameBefore(java.lang.reflect.Method,java.lang.String)[pri:0, instance:api.BookingAPI.BookingApiTest@311bf055]" started-at="2024-10-06T17:11:00 IST" name="nameBefore" finished-at="2024-10-06T17:11:00 IST" duration-ms="623" status="PASS">
          <params>
            <param index="0">
              <value>
                <![CDATA[public void api.BookingAPI.BookingApiTest.createBooking(java.lang.String,java.lang.String,java.lang.String)]]>
              </value>
            </param>
            <param index="1">
              <value>
                <![CDATA[yes]]>
              </value>
            </param>
          </params>
          <reporter-output>
          </reporter-output>
        </test-method> <!-- nameBefore -->
        <test-method signature="createBooking(java.lang.String,java.lang.String,java.lang.String)[pri:0, instance:api.BookingAPI.BookingApiTest@311bf055]" started-at="2024-10-06T17:11:00 IST" name="createBooking" description="Create booking and verify in the booking API and delete" data-provider="DataProvider" finished-at="2024-10-06T17:11:08 IST" duration-ms="8077" status="PASS">
          <params>
            <param index="0">
              <value>
                <![CDATA[vipul]]>
              </value>
            </param>
            <param index="1">
              <value>
                <![CDATA[kumar]]>
              </value>
            </param>
            <param index="2">
              <value>
                <![CDATA[dinner]]>
              </value>
            </param>
          </params>
          <reporter-output>
          </reporter-output>
        </test-method> <!-- createBooking -->
        <test-method is-config="true" signature="nameBefore(java.lang.reflect.Method,java.lang.String)[pri:0, instance:api.BookingAPI.BookingApiTest@311bf055]" started-at="2024-10-06T17:11:08 IST" name="nameBefore" finished-at="2024-10-06T17:11:08 IST" duration-ms="3" status="PASS">
          <params>
            <param index="0">
              <value>
                <![CDATA[public void api.BookingAPI.BookingApiTest.getAllBookingID()]]>
              </value>
            </param>
            <param index="1">
              <value>
                <![CDATA[yes]]>
              </value>
            </param>
          </params>
          <reporter-output>
          </reporter-output>
        </test-method> <!-- nameBefore -->
        <test-method signature="getAllBookingID()[pri:0, instance:api.BookingAPI.BookingApiTest@311bf055]" started-at="2024-10-06T17:11:08 IST" name="getAllBookingID" description="Hit the booking API and validate the status" finished-at="2024-10-06T17:11:11 IST" duration-ms="2793" status="PASS">
          <reporter-output>
          </reporter-output>
        </test-method> <!-- getAllBookingID -->
        <test-method is-config="true" signature="nameBefore(java.lang.reflect.Method,java.lang.String)[pri:0, instance:api.BookingAPI.BookingApiTest@311bf055]" started-at="2024-10-06T17:11:11 IST" name="nameBefore" finished-at="2024-10-06T17:11:11 IST" duration-ms="2" status="PASS">
          <params>
            <param index="0">
              <value>
                <![CDATA[public void api.BookingAPI.BookingApiTest.updateBooking(java.lang.String,java.lang.String,java.lang.String)]]>
              </value>
            </param>
            <param index="1">
              <value>
                <![CDATA[yes]]>
              </value>
            </param>
          </params>
          <reporter-output>
          </reporter-output>
        </test-method> <!-- nameBefore -->
        <test-method signature="updateBooking(java.lang.String,java.lang.String,java.lang.String)[pri:0, instance:api.BookingAPI.BookingApiTest@311bf055]" started-at="2024-10-06T17:11:11 IST" name="updateBooking" description="Update the booking and verify in the booking API and delete" data-provider="DataProvider" finished-at="2024-10-06T17:11:18 IST" duration-ms="6881" status="PASS">
          <params>
            <param index="0">
              <value>
                <![CDATA[pragyan]]>
              </value>
            </param>
            <param index="1">
              <value>
                <![CDATA[teotia]]>
              </value>
            </param>
            <param index="2">
              <value>
                <![CDATA[milk]]>
              </value>
            </param>
          </params>
          <reporter-output>
          </reporter-output>
        </test-method> <!-- updateBooking -->
        <test-method is-config="true" signature="nameBefore(java.lang.reflect.Method,java.lang.String)[pri:0, instance:api.BookingAPI.BookingApiTest@311bf055]" started-at="2024-10-06T17:11:18 IST" name="nameBefore" finished-at="2024-10-06T17:11:18 IST" duration-ms="2" status="PASS">
          <params>
            <param index="0">
              <value>
                <![CDATA[public void api.BookingAPI.BookingApiTest.updatePartialBooking(java.lang.String,java.lang.String,java.lang.String)]]>
              </value>
            </param>
            <param index="1">
              <value>
                <![CDATA[yes]]>
              </value>
            </param>
          </params>
          <reporter-output>
          </reporter-output>
        </test-method> <!-- nameBefore -->
        <test-method signature="updatePartialBooking(java.lang.String,java.lang.String,java.lang.String)[pri:0, instance:api.BookingAPI.BookingApiTest@311bf055]" started-at="2024-10-06T17:11:18 IST" name="updatePartialBooking" description="Update the partial booking and verify in the booking API and delete" data-provider="DataProvider" finished-at="2024-10-06T17:11:25 IST" duration-ms="6960" status="PASS">
          <params>
            <param index="0">
              <value>
                <![CDATA[dhruv]]>
              </value>
            </param>
            <param index="1">
              <value>
                <![CDATA[singh]]>
              </value>
            </param>
            <param index="2">
              <value>
                <![CDATA[lunch]]>
              </value>
            </param>
          </params>
          <reporter-output>
          </reporter-output>
        </test-method> <!-- updatePartialBooking -->
      </class> <!-- api.BookingAPI.BookingApiTest -->
    </test> <!-- Api Tests -->
  </suite> <!-- Weather Api Suite -->
</testng-results>
