<?xml version="1.0" encoding="UTF-8"?>
<testng-results ignored="0" total="4" passed="4" failed="0" skipped="0">
  <reporter-output>
  </reporter-output>
  <suite started-at="2024-06-19T19:25:27 IST" name="Weather Api Suite" finished-at="2024-06-19T19:25:56 IST" duration-ms="28951">
    <groups>
    </groups>
    <test started-at="2024-06-19T19:25:27 IST" name="Api Tests" finished-at="2024-06-19T19:25:56 IST" duration-ms="28951">
      <class name="api.BookingAPI.BookingApiTest">
        <test-method is-config="true" signature="nameBefore(java.lang.reflect.Method,java.lang.String)[pri:0, instance:api.BookingAPI.BookingApiTest@415b0b49]" started-at="2024-06-19T19:25:28 IST" name="nameBefore" finished-at="2024-06-19T19:25:29 IST" duration-ms="807" status="PASS">
          <params>
            <param index="0">
              <value>
                <![CDATA[public void api.BookingAPI.BookingApiTest.createBooking(java.lang.String,java.lang.String,java.lang.String)]]>
              </value>
            </param>
            <param index="1">
              <value>
                <![CDATA[yes]]>
              </value>
            </param>
          </params>
          <reporter-output>
          </reporter-output>
        </test-method> <!-- nameBefore -->
        <test-method signature="createBooking(java.lang.String,java.lang.String,java.lang.String)[pri:0, instance:api.BookingAPI.BookingApiTest@415b0b49]" started-at="2024-06-19T19:25:29 IST" name="createBooking" description="Create booking and verify in the booking API and delete" data-provider="DataProvider" finished-at="2024-06-19T19:25:38 IST" duration-ms="9103" status="PASS">
          <params>
            <param index="0">
              <value>
                <![CDATA[vipul]]>
              </value>
            </param>
            <param index="1">
              <value>
                <![CDATA[kumar]]>
              </value>
            </param>
            <param index="2">
              <value>
                <![CDATA[dinner]]>
              </value>
            </param>
          </params>
          <reporter-output>
          </reporter-output>
        </test-method> <!-- createBooking -->
        <test-method is-config="true" signature="nameBefore(java.lang.reflect.Method,java.lang.String)[pri:0, instance:api.BookingAPI.BookingApiTest@415b0b49]" started-at="2024-06-19T19:25:38 IST" name="nameBefore" finished-at="2024-06-19T19:25:38 IST" duration-ms="2" status="PASS">
          <params>
            <param index="0">
              <value>
                <![CDATA[public void api.BookingAPI.BookingApiTest.getAllBookingID()]]>
              </value>
            </param>
            <param index="1">
              <value>
                <![CDATA[yes]]>
              </value>
            </param>
          </params>
          <reporter-output>
          </reporter-output>
        </test-method> <!-- nameBefore -->
        <test-method signature="getAllBookingID()[pri:0, instance:api.BookingAPI.BookingApiTest@415b0b49]" started-at="2024-06-19T19:25:38 IST" name="getAllBookingID" description="Hit the booking API and validate the status" finished-at="2024-06-19T19:25:41 IST" duration-ms="3234" status="PASS">
          <reporter-output>
          </reporter-output>
        </test-method> <!-- getAllBookingID -->
        <test-method is-config="true" signature="nameBefore(java.lang.reflect.Method,java.lang.String)[pri:0, instance:api.BookingAPI.BookingApiTest@415b0b49]" started-at="2024-06-19T19:25:41 IST" name="nameBefore" finished-at="2024-06-19T19:25:41 IST" duration-ms="4" status="PASS">
          <params>
            <param index="0">
              <value>
                <![CDATA[public void api.BookingAPI.BookingApiTest.updateBooking(java.lang.String,java.lang.String,java.lang.String)]]>
              </value>
            </param>
            <param index="1">
              <value>
                <![CDATA[yes]]>
              </value>
            </param>
          </params>
          <reporter-output>
          </reporter-output>
        </test-method> <!-- nameBefore -->
        <test-method signature="updateBooking(java.lang.String,java.lang.String,java.lang.String)[pri:0, instance:api.BookingAPI.BookingApiTest@415b0b49]" started-at="2024-06-19T19:25:41 IST" name="updateBooking" description="Update the booking and verify in the booking API and delete" data-provider="DataProvider" finished-at="2024-06-19T19:25:49 IST" duration-ms="7566" status="PASS">
          <params>
            <param index="0">
              <value>
                <![CDATA[pragyan]]>
              </value>
            </param>
            <param index="1">
              <value>
                <![CDATA[teotia]]>
              </value>
            </param>
            <param index="2">
              <value>
                <![CDATA[milk]]>
              </value>
            </param>
          </params>
          <reporter-output>
          </reporter-output>
        </test-method> <!-- updateBooking -->
        <test-method is-config="true" signature="nameBefore(java.lang.reflect.Method,java.lang.String)[pri:0, instance:api.BookingAPI.BookingApiTest@415b0b49]" started-at="2024-06-19T19:25:49 IST" name="nameBefore" finished-at="2024-06-19T19:25:49 IST" duration-ms="3" status="PASS">
          <params>
            <param index="0">
              <value>
                <![CDATA[public void api.BookingAPI.BookingApiTest.updatePartialBooking(java.lang.String,java.lang.String,java.lang.String)]]>
              </value>
            </param>
            <param index="1">
              <value>
                <![CDATA[yes]]>
              </value>
            </param>
          </params>
          <reporter-output>
          </reporter-output>
        </test-method> <!-- nameBefore -->
        <test-method signature="updatePartialBooking(java.lang.String,java.lang.String,java.lang.String)[pri:0, instance:api.BookingAPI.BookingApiTest@415b0b49]" started-at="2024-06-19T19:25:49 IST" name="updatePartialBooking" description="Update the partial booking and verify in the booking API and delete" data-provider="DataProvider" finished-at="2024-06-19T19:25:56 IST" duration-ms="7286" status="PASS">
          <params>
            <param index="0">
              <value>
                <![CDATA[dhruv]]>
              </value>
            </param>
            <param index="1">
              <value>
                <![CDATA[singh]]>
              </value>
            </param>
            <param index="2">
              <value>
                <![CDATA[lunch]]>
              </value>
            </param>
          </params>
          <reporter-output>
          </reporter-output>
        </test-method> <!-- updatePartialBooking -->
      </class> <!-- api.BookingAPI.BookingApiTest -->
    </test> <!-- Api Tests -->
  </suite> <!-- Weather Api Suite -->
</testng-results>
